# JRE version: OpenJDK Runtime Environment (8.0_202-b03) (build 1.8.0_202-release-1483-b03)
# Java VM: OpenJDK 64-Bit Server VM (25.202-b03 mixed mode windows-amd64 compressed oops)
Heap:
 PSYoungGen      total 470528K, used 220146K [0x00000000e0000000, 0x00000000fff80000, 0x0000000100000000)
  eden space 421888K, 50% used [0x00000000e0000000,0x00000000ecfd6698,0x00000000f9c00000)
  from space 48640K, 15% used [0x00000000f9c00000,0x00000000fa326278,0x00000000fcb80000)
  to   space 47104K, 0% used [0x00000000fd180000,0x00000000fd180000,0x00000000fff80000)
 ParOldGen       total 311808K, used 203589K [0x00000000a0000000, 0x00000000b3080000, 0x00000000e0000000)
  object space 311808K, 65% used [0x00000000a0000000,0x00000000ac6d1548,0x00000000b3080000)
 Metaspace       used 95742K, capacity 100624K, committed 100952K, reserved 1136640K
  class space    used 12201K, capacity 13067K, committed 13184K, reserved 1048576K
GC Heap History (10 events):
Event: 327.589 GC heap before
{Heap before GC invocations=64 (full 5):
 PSYoungGen      total 463872K, used 423904K [0x00000000e0000000, 0x00000000ffa00000, 0x0000000100000000)
  eden space 415744K, 100% used [0x00000000e0000000,0x00000000f9600000,0x00000000f9600000)
  from space 48128K, 16% used [0x00000000fcb00000,0x00000000fd2f8020,0x00000000ffa00000)
  to   space 51200K, 0% used [0x00000000f9600000,0x00000000f9600000,0x00000000fc800000)
 ParOldGen       total 311808K, used 180848K [0x00000000a0000000, 0x00000000b3080000, 0x00000000e0000000)
  object space 311808K, 58% used [0x00000000a0000000,0x00000000ab09c3a8,0x00000000b3080000)
 Metaspace       used 90649K, capacity 94402K, committed 94552K, reserved 1132544K
  class space    used 11599K, capacity 12330K, committed 12416K, reserved 1048576K
Event: 327.605 GC heap after
Heap after GC invocations=64 (full 5):
 PSYoungGen      total 466944K, used 13312K [0x00000000e0000000, 0x00000000ffe00000, 0x0000000100000000)
  eden space 415744K, 0% used [0x00000000e0000000,0x00000000e0000000,0x00000000f9600000)
  from space 51200K, 26% used [0x00000000f9600000,0x00000000fa300268,0x00000000fc800000)
  to   space 48640K, 0% used [0x00000000fce80000,0x00000000fce80000,0x00000000ffe00000)
 ParOldGen       total 311808K, used 188976K [0x00000000a0000000, 0x00000000b3080000, 0x00000000e0000000)
  object space 311808K, 60% used [0x00000000a0000000,0x00000000ab88c3d8,0x00000000b3080000)
 Metaspace       used 90649K, capacity 94402K, committed 94552K, reserved 1132544K
  class space    used 11599K, capacity 12330K, committed 12416K, reserved 1048576K
}
Event: 328.693 GC heap before
{Heap before GC invocations=65 (full 5):
 PSYoungGen      total 466944K, used 429056K [0x00000000e0000000, 0x00000000ffe00000, 0x0000000100000000)
  eden space 415744K, 100% used [0x00000000e0000000,0x00000000f9600000,0x00000000f9600000)
  from space 51200K, 26% used [0x00000000f9600000,0x00000000fa300268,0x00000000fc800000)
  to   space 48640K, 0% used [0x00000000fce80000,0x00000000fce80000,0x00000000ffe00000)
 ParOldGen       total 311808K, used 188976K [0x00000000a0000000, 0x00000000b3080000, 0x00000000e0000000)
  object space 311808K, 60% used [0x00000000a0000000,0x00000000ab88c3d8,0x00000000b3080000)
 Metaspace       used 90684K, capacity 94402K, committed 94552K, reserved 1132544K
  class space    used 11599K, capacity 12330K, committed 12416K, reserved 1048576K
Event: 328.727 GC heap after
Heap after GC invocations=65 (full 5):
 PSYoungGen      total 470528K, used 32887K [0x00000000e0000000, 0x0000000100000000, 0x0000000100000000)
  eden space 421888K, 0% used [0x00000000e0000000,0x00000000e0000000,0x00000000f9c00000)
  from space 48640K, 67% used [0x00000000fce80000,0x00000000fee9dc70,0x00000000ffe00000)
  to   space 51200K, 0% used [0x00000000f9c00000,0x00000000f9c00000,0x00000000fce00000)
 ParOldGen       total 311808K, used 197101K [0x00000000a0000000, 0x00000000b3080000, 0x00000000e0000000)
  object space 311808K, 63% used [0x00000000a0000000,0x00000000ac07b458,0x00000000b3080000)
 Metaspace       used 90684K, capacity 94402K, committed 94552K, reserved 1132544K
  class space    used 11599K, capacity 12330K, committed 12416K, reserved 1048576K
}
Event: 331.002 GC heap before
{Heap before GC invocations=66 (full 5):
 PSYoungGen      total 470528K, used 454775K [0x00000000e0000000, 0x0000000100000000, 0x0000000100000000)
  eden space 421888K, 100% used [0x00000000e0000000,0x00000000f9c00000,0x00000000f9c00000)
  from space 48640K, 67% used [0x00000000fce80000,0x00000000fee9dc70,0x00000000ffe00000)
  to   space 51200K, 0% used [0x00000000f9c00000,0x00000000f9c00000,0x00000000fce00000)
 ParOldGen       total 311808K, used 197101K [0x00000000a0000000, 0x00000000b3080000, 0x00000000e0000000)
  object space 311808K, 63% used [0x00000000a0000000,0x00000000ac07b458,0x00000000b3080000)
 Metaspace       used 90768K, capacity 94554K, committed 94808K, reserved 1132544K
  class space    used 11603K, capacity 12334K, committed 12416K, reserved 1048576K
Event: 331.011 GC heap after
Heap after GC invocations=66 (full 5):
 PSYoungGen      total 473088K, used 704K [0x00000000e0000000, 0x0000000100000000, 0x0000000100000000)
  eden space 421888K, 0% used [0x00000000e0000000,0x00000000e0000000,0x00000000f9c00000)
  from space 51200K, 1% used [0x00000000f9c00000,0x00000000f9cb0010,0x00000000fce00000)
  to   space 51200K, 0% used [0x00000000fce00000,0x00000000fce00000,0x0000000100000000)
 ParOldGen       total 311808K, used 202221K [0x00000000a0000000, 0x00000000b3080000, 0x00000000e0000000)
  object space 311808K, 64% used [0x00000000a0000000,0x00000000ac57b488,0x00000000b3080000)
 Metaspace       used 90768K, capacity 94554K, committed 94808K, reserved 1132544K
  class space    used 11603K, capacity 12334K, committed 12416K, reserved 1048576K
}
Event: 618.069 GC heap before
{Heap before GC invocations=67 (full 5):
 PSYoungGen      total 473088K, used 422592K [0x00000000e0000000, 0x0000000100000000, 0x0000000100000000)
  eden space 421888K, 100% used [0x00000000e0000000,0x00000000f9c00000,0x00000000f9c00000)
  from space 51200K, 1% used [0x00000000f9c00000,0x00000000f9cb0010,0x00000000fce00000)
  to   space 51200K, 0% used [0x00000000fce00000,0x00000000fce00000,0x0000000100000000)
 ParOldGen       total 311808K, used 202221K [0x00000000a0000000, 0x00000000b3080000, 0x00000000e0000000)
  object space 311808K, 64% used [0x00000000a0000000,0x00000000ac57b488,0x00000000b3080000)
 Metaspace       used 93294K, capacity 97588K, committed 97752K, reserved 1134592K
  class space    used 11937K, capacity 12743K, committed 12800K, reserved 1048576K
Event: 618.083 GC heap after
Heap after GC invocations=67 (full 5):
 PSYoungGen      total 467968K, used 11465K [0x00000000e0000000, 0x00000000ffb00000, 0x0000000100000000)
  eden space 421888K, 0% used [0x00000000e0000000,0x00000000e0000000,0x00000000f9c00000)
  from space 46080K, 24% used [0x00000000fce00000,0x00000000fd9324d0,0x00000000ffb00000)
  to   space 48640K, 0% used [0x00000000f9c00000,0x00000000f9c00000,0x00000000fcb80000)
 ParOldGen       total 311808K, used 202821K [0x00000000a0000000, 0x00000000b3080000, 0x00000000e0000000)
  object space 311808K, 65% used [0x00000000a0000000,0x00000000ac611518,0x00000000b3080000)
 Metaspace       used 93294K, capacity 97588K, committed 97752K, reserved 1134592K
  class space    used 11937K, capacity 12743K, committed 12800K, reserved 1048576K
}
Event: 754.362 GC heap before
{Heap before GC invocations=68 (full 5):
 PSYoungGen      total 467968K, used 433353K [0x00000000e0000000, 0x00000000ffb00000, 0x0000000100000000)
  eden space 421888K, 100% used [0x00000000e0000000,0x00000000f9c00000,0x00000000f9c00000)
  from space 46080K, 24% used [0x00000000fce00000,0x00000000fd9324d0,0x00000000ffb00000)
  to   space 48640K, 0% used [0x00000000f9c00000,0x00000000f9c00000,0x00000000fcb80000)
 ParOldGen       total 311808K, used 202821K [0x00000000a0000000, 0x00000000b3080000, 0x00000000e0000000)
  object space 311808K, 65% used [0x00000000a0000000,0x00000000ac611518,0x00000000b3080000)
 Metaspace       used 94760K, capacity 99728K, committed 99800K, reserved 1136640K
  class space    used 12109K, capacity 12991K, committed 13056K, reserved 1048576K
Event: 754.372 GC heap after
Heap after GC invocations=68 (full 5):
 PSYoungGen      total 470528K, used 7320K [0x00000000e0000000, 0x00000000fff80000, 0x0000000100000000)
  eden space 421888K, 0% used [0x00000000e0000000,0x00000000e0000000,0x00000000f9c00000)
  from space 48640K, 15% used [0x00000000f9c00000,0x00000000fa326278,0x00000000fcb80000)
  to   space 47104K, 0% used [0x00000000fd180000,0x00000000fd180000,0x00000000fff80000)
 ParOldGen       total 311808K, used 203589K [0x00000000a0000000, 0x00000000b3080000, 0x00000000e0000000)
  object space 311808K, 65% used [0x00000000a0000000,0x00000000ac6d1548,0x00000000b3080000)
 Metaspace       used 94760K, capacity 99728K, committed 99800K, reserved 1136640K
  class space    used 12109K, capacity 12991K, committed 13056K, reserved 1048576K
}

