# JRE version: OpenJDK Runtime Environment (8.0_202-b03) (build 1.8.0_202-release-1483-b03)
# Java VM: OpenJDK 64-Bit Server VM (25.202-b03 mixed mode windows-amd64 compressed oops)
Heap:
 PSYoungGen      total 342016K, used 73873K [0x00000000e0000000, 0x00000000f8f80000, 0x0000000100000000)
  eden space 299008K, 20% used [0x00000000e0000000,0x00000000e3a877b8,0x00000000f2400000)
  from space 43008K, 32% used [0x00000000f2400000,0x00000000f319cdd8,0x00000000f4e00000)
  to   space 41984K, 0% used [0x00000000f6680000,0x00000000f6680000,0x00000000f8f80000)
 ParOldGen       total 144384K, used 69545K [0x00000000a0000000, 0x00000000a8d00000, 0x00000000e0000000)
  object space 144384K, 48% used [0x00000000a0000000,0x00000000a43ea4a0,0x00000000a8d00000)
 Metaspace       used 97531K, capacity 101883K, committed 103040K, reserved 1138688K
  class space    used 12311K, capacity 13113K, committed 13440K, reserved 1048576K
GC Heap History (10 events):
Event: 1356.520 GC heap before
{Heap before GC invocations=21 (full 3):
 PSYoungGen      total 329216K, used 311546K [0x00000000e0000000, 0x00000000f8b80000, 0x0000000100000000)
  eden space 290816K, 100% used [0x00000000e0000000,0x00000000f1c00000,0x00000000f1c00000)
  from space 38400K, 53% used [0x00000000f1c00000,0x00000000f303ebd8,0x00000000f4180000)
  to   space 37376K, 0% used [0x00000000f6700000,0x00000000f6700000,0x00000000f8b80000)
 ParOldGen       total 144384K, used 76216K [0x00000000a0000000, 0x00000000a8d00000, 0x00000000e0000000)
  object space 144384K, 52% used [0x00000000a0000000,0x00000000a4a6e340,0x00000000a8d00000)
 Metaspace       used 87584K, capacity 92028K, committed 92288K, reserved 1130496K
  class space    used 11217K, capacity 12085K, committed 12160K, reserved 1048576K
Event: 1356.551 GC heap after
Heap after GC invocations=21 (full 3):
 PSYoungGen      total 356352K, used 27261K [0x00000000e0000000, 0x00000000f8780000, 0x0000000100000000)
  eden space 323072K, 0% used [0x00000000e0000000,0x00000000e0000000,0x00000000f3b80000)
  from space 33280K, 81% used [0x00000000f6700000,0x00000000f819f5e8,0x00000000f8780000)
  to   space 38912K, 0% used [0x00000000f3b80000,0x00000000f3b80000,0x00000000f6180000)
 ParOldGen       total 144384K, used 76224K [0x00000000a0000000, 0x00000000a8d00000, 0x00000000e0000000)
  object space 144384K, 52% used [0x00000000a0000000,0x00000000a4a70340,0x00000000a8d00000)
 Metaspace       used 87584K, capacity 92028K, committed 92288K, reserved 1130496K
  class space    used 11217K, capacity 12085K, committed 12160K, reserved 1048576K
}
Event: 1935.755 GC heap before
{Heap before GC invocations=22 (full 3):
 PSYoungGen      total 356352K, used 350333K [0x00000000e0000000, 0x00000000f8780000, 0x0000000100000000)
  eden space 323072K, 100% used [0x00000000e0000000,0x00000000f3b80000,0x00000000f3b80000)
  from space 33280K, 81% used [0x00000000f6700000,0x00000000f819f5e8,0x00000000f8780000)
  to   space 38912K, 0% used [0x00000000f3b80000,0x00000000f3b80000,0x00000000f6180000)
 ParOldGen       total 144384K, used 76224K [0x00000000a0000000, 0x00000000a8d00000, 0x00000000e0000000)
  object space 144384K, 52% used [0x00000000a0000000,0x00000000a4a70340,0x00000000a8d00000)
 Metaspace       used 89722K, capacity 94744K, committed 95104K, reserved 1132544K
  class space    used 11444K, capacity 12355K, committed 12416K, reserved 1048576K
Event: 1935.788 GC heap after
Heap after GC invocations=22 (full 3):
 PSYoungGen      total 349696K, used 38880K [0x00000000e0000000, 0x00000000f8780000, 0x0000000100000000)
  eden space 310784K, 0% used [0x00000000e0000000,0x00000000e0000000,0x00000000f2f80000)
  from space 38912K, 99% used [0x00000000f3b80000,0x00000000f6178030,0x00000000f6180000)
  to   space 38912K, 0% used [0x00000000f6180000,0x00000000f6180000,0x00000000f8780000)
 ParOldGen       total 144384K, used 77911K [0x00000000a0000000, 0x00000000a8d00000, 0x00000000e0000000)
  object space 144384K, 53% used [0x00000000a0000000,0x00000000a4c15e48,0x00000000a8d00000)
 Metaspace       used 89722K, capacity 94744K, committed 95104K, reserved 1132544K
  class space    used 11444K, capacity 12355K, committed 12416K, reserved 1048576K
}
Event: 1949.424 GC heap before
{Heap before GC invocations=23 (full 3):
 PSYoungGen      total 349696K, used 335469K [0x00000000e0000000, 0x00000000f8780000, 0x0000000100000000)
  eden space 310784K, 95% used [0x00000000e0000000,0x00000000f21a36f0,0x00000000f2f80000)
  from space 38912K, 99% used [0x00000000f3b80000,0x00000000f6178030,0x00000000f6180000)
  to   space 38912K, 0% used [0x00000000f6180000,0x00000000f6180000,0x00000000f8780000)
 ParOldGen       total 144384K, used 77911K [0x00000000a0000000, 0x00000000a8d00000, 0x00000000e0000000)
  object space 144384K, 53% used [0x00000000a0000000,0x00000000a4c15e48,0x00000000a8d00000)
 Metaspace       used 93322K, capacity 98471K, committed 98560K, reserved 1134592K
  class space    used 11928K, capacity 12839K, committed 12928K, reserved 1048576K
Event: 1949.452 GC heap after
Heap after GC invocations=23 (full 3):
 PSYoungGen      total 322048K, used 18330K [0x00000000e0000000, 0x00000000f7800000, 0x0000000100000000)
  eden space 299008K, 0% used [0x00000000e0000000,0x00000000e0000000,0x00000000f2400000)
  from space 23040K, 79% used [0x00000000f6180000,0x00000000f7366950,0x00000000f7800000)
  to   space 43008K, 0% used [0x00000000f2400000,0x00000000f2400000,0x00000000f4e00000)
 ParOldGen       total 144384K, used 93055K [0x00000000a0000000, 0x00000000a8d00000, 0x00000000e0000000)
  object space 144384K, 64% used [0x00000000a0000000,0x00000000a5adfde8,0x00000000a8d00000)
 Metaspace       used 93322K, capacity 98471K, committed 98560K, reserved 1134592K
  class space    used 11928K, capacity 12839K, committed 12928K, reserved 1048576K
}
Event: 1949.452 GC heap before
{Heap before GC invocations=24 (full 4):
 PSYoungGen      total 322048K, used 18330K [0x00000000e0000000, 0x00000000f7800000, 0x0000000100000000)
  eden space 299008K, 0% used [0x00000000e0000000,0x00000000e0000000,0x00000000f2400000)
  from space 23040K, 79% used [0x00000000f6180000,0x00000000f7366950,0x00000000f7800000)
  to   space 43008K, 0% used [0x00000000f2400000,0x00000000f2400000,0x00000000f4e00000)
 ParOldGen       total 144384K, used 93055K [0x00000000a0000000, 0x00000000a8d00000, 0x00000000e0000000)
  object space 144384K, 64% used [0x00000000a0000000,0x00000000a5adfde8,0x00000000a8d00000)
 Metaspace       used 93322K, capacity 98471K, committed 98560K, reserved 1134592K
  class space    used 11928K, capacity 12839K, committed 12928K, reserved 1048576K
Event: 1949.776 GC heap after
Heap after GC invocations=24 (full 4):
 PSYoungGen      total 322048K, used 0K [0x00000000e0000000, 0x00000000f7800000, 0x0000000100000000)
  eden space 299008K, 0% used [0x00000000e0000000,0x00000000e0000000,0x00000000f2400000)
  from space 23040K, 0% used [0x00000000f6180000,0x00000000f6180000,0x00000000f7800000)
  to   space 43008K, 0% used [0x00000000f2400000,0x00000000f2400000,0x00000000f4e00000)
 ParOldGen       total 144384K, used 69537K [0x00000000a0000000, 0x00000000a8d00000, 0x00000000e0000000)
  object space 144384K, 48% used [0x00000000a0000000,0x00000000a43e84a0,0x00000000a8d00000)
 Metaspace       used 91634K, capacity 96001K, committed 98560K, reserved 1134592K
  class space    used 11661K, capacity 12436K, committed 12928K, reserved 1048576K
}
Event: 1952.161 GC heap before
{Heap before GC invocations=25 (full 4):
 PSYoungGen      total 322048K, used 299008K [0x00000000e0000000, 0x00000000f7800000, 0x0000000100000000)
  eden space 299008K, 100% used [0x00000000e0000000,0x00000000f2400000,0x00000000f2400000)
  from space 23040K, 0% used [0x00000000f6180000,0x00000000f6180000,0x00000000f7800000)
  to   space 43008K, 0% used [0x00000000f2400000,0x00000000f2400000,0x00000000f4e00000)
 ParOldGen       total 144384K, used 69537K [0x00000000a0000000, 0x00000000a8d00000, 0x00000000e0000000)
  object space 144384K, 48% used [0x00000000a0000000,0x00000000a43e84a0,0x00000000a8d00000)
 Metaspace       used 95815K, capacity 100155K, committed 101376K, reserved 1136640K
  class space    used 12193K, capacity 12985K, committed 13312K, reserved 1048576K
Event: 1952.174 GC heap after
Heap after GC invocations=25 (full 4):
 PSYoungGen      total 342016K, used 13939K [0x00000000e0000000, 0x00000000f8f80000, 0x0000000100000000)
  eden space 299008K, 0% used [0x00000000e0000000,0x00000000e0000000,0x00000000f2400000)
  from space 43008K, 32% used [0x00000000f2400000,0x00000000f319cdd8,0x00000000f4e00000)
  to   space 41984K, 0% used [0x00000000f6680000,0x00000000f6680000,0x00000000f8f80000)
 ParOldGen       total 144384K, used 69545K [0x00000000a0000000, 0x00000000a8d00000, 0x00000000e0000000)
  object space 144384K, 48% used [0x00000000a0000000,0x00000000a43ea4a0,0x00000000a8d00000)
 Metaspace       used 95815K, capacity 100155K, committed 101376K, reserved 1136640K
  class space    used 12193K, capacity 12985K, committed 13312K, reserved 1048576K
}

