# JRE version: OpenJDK Runtime Environment (8.0_202-b03) (build 1.8.0_202-release-1483-b03)
# Java VM: OpenJDK 64-Bit Server VM (25.202-b03 mixed mode windows-amd64 compressed oops)
Heap:
 PSYoungGen      total 348672K, used 19926K [0x00000000e0000000, 0x00000000faa00000, 0x0000000100000000)
  eden space 312832K, 4% used [0x00000000e0000000,0x00000000e0dce190,0x00000000f3180000)
  from space 35840K, 16% used [0x00000000f3180000,0x00000000f37277a8,0x00000000f5480000)
  to   space 35840K, 0% used [0x00000000f8700000,0x00000000f8700000,0x00000000faa00000)
 ParOldGen       total 132608K, used 59537K [0x00000000a0000000, 0x00000000a8180000, 0x00000000e0000000)
  object space 132608K, 44% used [0x00000000a0000000,0x00000000a3a24510,0x00000000a8180000)
 Metaspace       used 86270K, capacity 89686K, committed 89816K, reserved 1126400K
  class space    used 11337K, capacity 11964K, committed 12032K, reserved 1048576K
GC Heap History (10 events):
Event: 30.203 GC heap before
{Heap before GC invocations=22 (full 3):
 PSYoungGen      total 299008K, used 293831K [0x00000000e0000000, 0x00000000f5600000, 0x0000000100000000)
  eden space 265216K, 100% used [0x00000000e0000000,0x00000000f0300000,0x00000000f0300000)
  from space 33792K, 84% used [0x00000000f2780000,0x00000000f4371e58,0x00000000f4880000)
  to   space 37376K, 0% used [0x00000000f0300000,0x00000000f0300000,0x00000000f2780000)
 ParOldGen       total 132608K, used 44622K [0x00000000a0000000, 0x00000000a8180000, 0x00000000e0000000)
  object space 132608K, 33% used [0x00000000a0000000,0x00000000a2b93800,0x00000000a8180000)
 Metaspace       used 85770K, capacity 89124K, committed 89304K, reserved 1126400K
  class space    used 11314K, capacity 11935K, committed 12032K, reserved 1048576K
Event: 30.246 GC heap after
Heap after GC invocations=22 (full 3):
 PSYoungGen      total 302592K, used 28586K [0x00000000e0000000, 0x00000000f5600000, 0x0000000100000000)
  eden space 265216K, 0% used [0x00000000e0000000,0x00000000e0000000,0x00000000f0300000)
  from space 37376K, 76% used [0x00000000f0300000,0x00000000f1eea8d0,0x00000000f2780000)
  to   space 33792K, 0% used [0x00000000f2780000,0x00000000f2780000,0x00000000f4880000)
 ParOldGen       total 132608K, used 44630K [0x00000000a0000000, 0x00000000a8180000, 0x00000000e0000000)
  object space 132608K, 33% used [0x00000000a0000000,0x00000000a2b95800,0x00000000a8180000)
 Metaspace       used 85770K, capacity 89124K, committed 89304K, reserved 1126400K
  class space    used 11314K, capacity 11935K, committed 12032K, reserved 1048576K
}
Event: 31.441 GC heap before
{Heap before GC invocations=23 (full 3):
 PSYoungGen      total 302592K, used 293802K [0x00000000e0000000, 0x00000000f5600000, 0x0000000100000000)
  eden space 265216K, 100% used [0x00000000e0000000,0x00000000f0300000,0x00000000f0300000)
  from space 37376K, 76% used [0x00000000f0300000,0x00000000f1eea8d0,0x00000000f2780000)
  to   space 33792K, 0% used [0x00000000f2780000,0x00000000f2780000,0x00000000f4880000)
 ParOldGen       total 132608K, used 44630K [0x00000000a0000000, 0x00000000a8180000, 0x00000000e0000000)
  object space 132608K, 33% used [0x00000000a0000000,0x00000000a2b95800,0x00000000a8180000)
 Metaspace       used 85995K, capacity 89386K, committed 89560K, reserved 1126400K
  class space    used 11325K, capacity 11944K, committed 12032K, reserved 1048576K
Event: 31.469 GC heap after
Heap after GC invocations=23 (full 3):
 PSYoungGen      total 297984K, used 18947K [0x00000000e0000000, 0x00000000f8080000, 0x0000000100000000)
  eden space 264192K, 0% used [0x00000000e0000000,0x00000000e0000000,0x00000000f0200000)
  from space 33792K, 56% used [0x00000000f2780000,0x00000000f3a00d20,0x00000000f4880000)
  to   space 38400K, 0% used [0x00000000f0200000,0x00000000f0200000,0x00000000f2780000)
 ParOldGen       total 132608K, used 50840K [0x00000000a0000000, 0x00000000a8180000, 0x00000000e0000000)
  object space 132608K, 38% used [0x00000000a0000000,0x00000000a31a6328,0x00000000a8180000)
 Metaspace       used 85995K, capacity 89386K, committed 89560K, reserved 1126400K
  class space    used 11325K, capacity 11944K, committed 12032K, reserved 1048576K
}
Event: 32.730 GC heap before
{Heap before GC invocations=24 (full 3):
 PSYoungGen      total 297984K, used 283139K [0x00000000e0000000, 0x00000000f8080000, 0x0000000100000000)
  eden space 264192K, 100% used [0x00000000e0000000,0x00000000f0200000,0x00000000f0200000)
  from space 33792K, 56% used [0x00000000f2780000,0x00000000f3a00d20,0x00000000f4880000)
  to   space 38400K, 0% used [0x00000000f0200000,0x00000000f0200000,0x00000000f2780000)
 ParOldGen       total 132608K, used 50840K [0x00000000a0000000, 0x00000000a8180000, 0x00000000e0000000)
  object space 132608K, 38% used [0x00000000a0000000,0x00000000a31a6328,0x00000000a8180000)
 Metaspace       used 86086K, capacity 89514K, committed 89816K, reserved 1126400K
  class space    used 11335K, capacity 11960K, committed 12032K, reserved 1048576K
Event: 32.768 GC heap after
Heap after GC invocations=24 (full 3):
 PSYoungGen      total 302592K, used 13185K [0x00000000e0000000, 0x00000000f7d00000, 0x0000000100000000)
  eden space 264192K, 0% used [0x00000000e0000000,0x00000000e0000000,0x00000000f0200000)
  from space 38400K, 34% used [0x00000000f0200000,0x00000000f0ee0778,0x00000000f2780000)
  to   space 36864K, 0% used [0x00000000f5900000,0x00000000f5900000,0x00000000f7d00000)
 ParOldGen       total 132608K, used 58725K [0x00000000a0000000, 0x00000000a8180000, 0x00000000e0000000)
  object space 132608K, 44% used [0x00000000a0000000,0x00000000a39594f0,0x00000000a8180000)
 Metaspace       used 86086K, capacity 89514K, committed 89816K, reserved 1126400K
  class space    used 11335K, capacity 11960K, committed 12032K, reserved 1048576K
}
Event: 33.773 GC heap before
{Heap before GC invocations=25 (full 3):
 PSYoungGen      total 302592K, used 277377K [0x00000000e0000000, 0x00000000f7d00000, 0x0000000100000000)
  eden space 264192K, 100% used [0x00000000e0000000,0x00000000f0200000,0x00000000f0200000)
  from space 38400K, 34% used [0x00000000f0200000,0x00000000f0ee0778,0x00000000f2780000)
  to   space 36864K, 0% used [0x00000000f5900000,0x00000000f5900000,0x00000000f7d00000)
 ParOldGen       total 132608K, used 58725K [0x00000000a0000000, 0x00000000a8180000, 0x00000000e0000000)
  object space 132608K, 44% used [0x00000000a0000000,0x00000000a39594f0,0x00000000a8180000)
 Metaspace       used 86106K, capacity 89584K, committed 89816K, reserved 1126400K
  class space    used 11335K, capacity 11961K, committed 12032K, reserved 1048576K
Event: 33.787 GC heap after
Heap after GC invocations=25 (full 3):
 PSYoungGen      total 344064K, used 10962K [0x00000000e0000000, 0x00000000f7780000, 0x0000000100000000)
  eden space 312832K, 0% used [0x00000000e0000000,0x00000000e0000000,0x00000000f3180000)
  from space 31232K, 35% used [0x00000000f5900000,0x00000000f63b4a80,0x00000000f7780000)
  to   space 35840K, 0% used [0x00000000f3180000,0x00000000f3180000,0x00000000f5480000)
 ParOldGen       total 132608K, used 59529K [0x00000000a0000000, 0x00000000a8180000, 0x00000000e0000000)
  object space 132608K, 44% used [0x00000000a0000000,0x00000000a3a22510,0x00000000a8180000)
 Metaspace       used 86106K, capacity 89584K, committed 89816K, reserved 1126400K
  class space    used 11335K, capacity 11961K, committed 12032K, reserved 1048576K
}
Event: 35.511 GC heap before
{Heap before GC invocations=26 (full 3):
 PSYoungGen      total 344064K, used 323794K [0x00000000e0000000, 0x00000000f7780000, 0x0000000100000000)
  eden space 312832K, 100% used [0x00000000e0000000,0x00000000f3180000,0x00000000f3180000)
  from space 31232K, 35% used [0x00000000f5900000,0x00000000f63b4a80,0x00000000f7780000)
  to   space 35840K, 0% used [0x00000000f3180000,0x00000000f3180000,0x00000000f5480000)
 ParOldGen       total 132608K, used 59529K [0x00000000a0000000, 0x00000000a8180000, 0x00000000e0000000)
  object space 132608K, 44% used [0x00000000a0000000,0x00000000a3a22510,0x00000000a8180000)
 Metaspace       used 86266K, capacity 89682K, committed 89816K, reserved 1126400K
  class space    used 11337K, capacity 11964K, committed 12032K, reserved 1048576K
Event: 35.523 GC heap after
Heap after GC invocations=26 (full 3):
 PSYoungGen      total 348672K, used 5789K [0x00000000e0000000, 0x00000000faa00000, 0x0000000100000000)
  eden space 312832K, 0% used [0x00000000e0000000,0x00000000e0000000,0x00000000f3180000)
  from space 35840K, 16% used [0x00000000f3180000,0x00000000f37277a8,0x00000000f5480000)
  to   space 35840K, 0% used [0x00000000f8700000,0x00000000f8700000,0x00000000faa00000)
 ParOldGen       total 132608K, used 59537K [0x00000000a0000000, 0x00000000a8180000, 0x00000000e0000000)
  object space 132608K, 44% used [0x00000000a0000000,0x00000000a3a24510,0x00000000a8180000)
 Metaspace       used 86266K, capacity 89682K, committed 89816K, reserved 1126400K
  class space    used 11337K, capacity 11964K, committed 12032K, reserved 1048576K
}

