# JRE version: OpenJDK Runtime Environment (8.0_202-b03) (build 1.8.0_202-release-1483-b03)
# Java VM: OpenJDK 64-Bit Server VM (25.202-b03 mixed mode windows-amd64 compressed oops)
Heap:
 PSYoungGen      total 333824K, used 161027K [0x00000000e0000000, 0x00000000f6580000, 0x0000000100000000)
  eden space 312832K, 44% used [0x00000000e0000000,0x00000000e88d2450,0x00000000f3180000)
  from space 20992K, 99% used [0x00000000f5100000,0x00000000f656ea30,0x00000000f6580000)
  to   space 26112K, 0% used [0x00000000f3280000,0x00000000f3280000,0x00000000f4c00000)
 ParOldGen       total 114688K, used 32085K [0x00000000a0000000, 0x00000000a7000000, 0x00000000e0000000)
  object space 114688K, 27% used [0x00000000a0000000,0x00000000a1f554d0,0x00000000a7000000)
 Metaspace       used 77693K, capacity 80224K, committed 80344K, reserved 1118208K
  class space    used 10089K, capacity 10639K, committed 10752K, reserved 1048576K
GC Heap History (10 events):
Event: 12.887 GC heap before
{Heap before GC invocations=11 (full 2):
 PSYoungGen      total 203264K, used 188928K [0x00000000e0000000, 0x00000000f0780000, 0x0000000100000000)
  eden space 188928K, 100% used [0x00000000e0000000,0x00000000eb880000,0x00000000eb880000)
  from space 14336K, 0% used [0x00000000ec600000,0x00000000ec600000,0x00000000ed400000)
  to   space 13824K, 0% used [0x00000000eb880000,0x00000000eb880000,0x00000000ec600000)
 ParOldGen       total 77312K, used 15509K [0x00000000a0000000, 0x00000000a4b80000, 0x00000000e0000000)
  object space 77312K, 20% used [0x00000000a0000000,0x00000000a0f254c0,0x00000000a4b80000)
 Metaspace       used 51711K, capacity 53010K, committed 53208K, reserved 1095680K
  class space    used 6964K, capacity 7318K, committed 7424K, reserved 1048576K
Event: 12.905 GC heap after
Heap after GC invocations=11 (full 2):
 PSYoungGen      total 202752K, used 13816K [0x00000000e0000000, 0x00000000f2700000, 0x0000000100000000)
  eden space 188928K, 0% used [0x00000000e0000000,0x00000000e0000000,0x00000000eb880000)
  from space 13824K, 99% used [0x00000000eb880000,0x00000000ec5fe310,0x00000000ec600000)
  to   space 19456K, 0% used [0x00000000f1400000,0x00000000f1400000,0x00000000f2700000)
 ParOldGen       total 77312K, used 25144K [0x00000000a0000000, 0x00000000a4b80000, 0x00000000e0000000)
  object space 77312K, 32% used [0x00000000a0000000,0x00000000a188e070,0x00000000a4b80000)
 Metaspace       used 51711K, capacity 53010K, committed 53208K, reserved 1095680K
  class space    used 6964K, capacity 7318K, committed 7424K, reserved 1048576K
}
Event: 14.234 GC heap before
{Heap before GC invocations=12 (full 2):
 PSYoungGen      total 202752K, used 89520K [0x00000000e0000000, 0x00000000f2700000, 0x0000000100000000)
  eden space 188928K, 40% used [0x00000000e0000000,0x00000000e49edd98,0x00000000eb880000)
  from space 13824K, 99% used [0x00000000eb880000,0x00000000ec5fe310,0x00000000ec600000)
  to   space 19456K, 0% used [0x00000000f1400000,0x00000000f1400000,0x00000000f2700000)
 ParOldGen       total 77312K, used 25144K [0x00000000a0000000, 0x00000000a4b80000, 0x00000000e0000000)
  object space 77312K, 32% used [0x00000000a0000000,0x00000000a188e070,0x00000000a4b80000)
 Metaspace       used 57278K, capacity 58926K, committed 59028K, reserved 1099776K
  class space    used 7711K, capacity 8090K, committed 8192K, reserved 1048576K
Event: 14.250 GC heap after
Heap after GC invocations=12 (full 2):
 PSYoungGen      total 277504K, used 17649K [0x00000000e0000000, 0x00000000f2680000, 0x0000000100000000)
  eden space 258560K, 0% used [0x00000000e0000000,0x00000000e0000000,0x00000000efc80000)
  from space 18944K, 93% used [0x00000000f1400000,0x00000000f253c6b8,0x00000000f2680000)
  to   space 21504K, 0% used [0x00000000efc80000,0x00000000efc80000,0x00000000f1180000)
 ParOldGen       total 77312K, used 25216K [0x00000000a0000000, 0x00000000a4b80000, 0x00000000e0000000)
  object space 77312K, 32% used [0x00000000a0000000,0x00000000a18a0080,0x00000000a4b80000)
 Metaspace       used 57278K, capacity 58926K, committed 59028K, reserved 1099776K
  class space    used 7711K, capacity 8090K, committed 8192K, reserved 1048576K
}
Event: 14.250 GC heap before
{Heap before GC invocations=13 (full 3):
 PSYoungGen      total 277504K, used 17649K [0x00000000e0000000, 0x00000000f2680000, 0x0000000100000000)
  eden space 258560K, 0% used [0x00000000e0000000,0x00000000e0000000,0x00000000efc80000)
  from space 18944K, 93% used [0x00000000f1400000,0x00000000f253c6b8,0x00000000f2680000)
  to   space 21504K, 0% used [0x00000000efc80000,0x00000000efc80000,0x00000000f1180000)
 ParOldGen       total 77312K, used 25216K [0x00000000a0000000, 0x00000000a4b80000, 0x00000000e0000000)
  object space 77312K, 32% used [0x00000000a0000000,0x00000000a18a0080,0x00000000a4b80000)
 Metaspace       used 57278K, capacity 58926K, committed 59028K, reserved 1099776K
  class space    used 7711K, capacity 8090K, committed 8192K, reserved 1048576K
Event: 14.464 GC heap after
Heap after GC invocations=13 (full 3):
 PSYoungGen      total 277504K, used 0K [0x00000000e0000000, 0x00000000f2680000, 0x0000000100000000)
  eden space 258560K, 0% used [0x00000000e0000000,0x00000000e0000000,0x00000000efc80000)
  from space 18944K, 0% used [0x00000000f1400000,0x00000000f1400000,0x00000000f2680000)
  to   space 21504K, 0% used [0x00000000efc80000,0x00000000efc80000,0x00000000f1180000)
 ParOldGen       total 114688K, used 32069K [0x00000000a0000000, 0x00000000a7000000, 0x00000000e0000000)
  object space 114688K, 27% used [0x00000000a0000000,0x00000000a1f514d0,0x00000000a7000000)
 Metaspace       used 57278K, capacity 58926K, committed 59028K, reserved 1099776K
  class space    used 7711K, capacity 8090K, committed 8192K, reserved 1048576K
}
Event: 2073.463 GC heap before
{Heap before GC invocations=14 (full 3):
 PSYoungGen      total 277504K, used 258560K [0x00000000e0000000, 0x00000000f2680000, 0x0000000100000000)
  eden space 258560K, 100% used [0x00000000e0000000,0x00000000efc80000,0x00000000efc80000)
  from space 18944K, 0% used [0x00000000f1400000,0x00000000f1400000,0x00000000f2680000)
  to   space 21504K, 0% used [0x00000000efc80000,0x00000000efc80000,0x00000000f1180000)
 ParOldGen       total 114688K, used 32069K [0x00000000a0000000, 0x00000000a7000000, 0x00000000e0000000)
  object space 114688K, 27% used [0x00000000a0000000,0x00000000a1f514d0,0x00000000a7000000)
 Metaspace       used 66379K, capacity 68498K, committed 68824K, reserved 1110016K
  class space    used 8634K, capacity 9124K, committed 9216K, reserved 1048576K
Event: 2073.498 GC heap after
Heap after GC invocations=14 (full 3):
 PSYoungGen      total 280064K, used 19054K [0x00000000e0000000, 0x00000000f6800000, 0x0000000100000000)
  eden space 258560K, 0% used [0x00000000e0000000,0x00000000e0000000,0x00000000efc80000)
  from space 21504K, 88% used [0x00000000efc80000,0x00000000f0f1b8c0,0x00000000f1180000)
  to   space 23552K, 0% used [0x00000000f5100000,0x00000000f5100000,0x00000000f6800000)
 ParOldGen       total 114688K, used 32077K [0x00000000a0000000, 0x00000000a7000000, 0x00000000e0000000)
  object space 114688K, 27% used [0x00000000a0000000,0x00000000a1f534d0,0x00000000a7000000)
 Metaspace       used 66379K, capacity 68498K, committed 68824K, reserved 1110016K
  class space    used 8634K, capacity 9124K, committed 9216K, reserved 1048576K
}
Event: 2079.577 GC heap before
{Heap before GC invocations=15 (full 3):
 PSYoungGen      total 280064K, used 277614K [0x00000000e0000000, 0x00000000f6800000, 0x0000000100000000)
  eden space 258560K, 100% used [0x00000000e0000000,0x00000000efc80000,0x00000000efc80000)
  from space 21504K, 88% used [0x00000000efc80000,0x00000000f0f1b8c0,0x00000000f1180000)
  to   space 23552K, 0% used [0x00000000f5100000,0x00000000f5100000,0x00000000f6800000)
 ParOldGen       total 114688K, used 32077K [0x00000000a0000000, 0x00000000a7000000, 0x00000000e0000000)
  object space 114688K, 27% used [0x00000000a0000000,0x00000000a1f534d0,0x00000000a7000000)
 Metaspace       used 70746K, capacity 73020K, committed 73176K, reserved 1112064K
  class space    used 9140K, capacity 9637K, committed 9728K, reserved 1048576K
Event: 2079.595 GC heap after
Heap after GC invocations=15 (full 3):
 PSYoungGen      total 333824K, used 20922K [0x00000000e0000000, 0x00000000f6580000, 0x0000000100000000)
  eden space 312832K, 0% used [0x00000000e0000000,0x00000000e0000000,0x00000000f3180000)
  from space 20992K, 99% used [0x00000000f5100000,0x00000000f656ea30,0x00000000f6580000)
  to   space 26112K, 0% used [0x00000000f3280000,0x00000000f3280000,0x00000000f4c00000)
 ParOldGen       total 114688K, used 32085K [0x00000000a0000000, 0x00000000a7000000, 0x00000000e0000000)
  object space 114688K, 27% used [0x00000000a0000000,0x00000000a1f554d0,0x00000000a7000000)
 Metaspace       used 70746K, capacity 73020K, committed 73176K, reserved 1112064K
  class space    used 9140K, capacity 9637K, committed 9728K, reserved 1048576K
}

